This file contains any messages produced by compilers while
running configure, to aid debugging if configure makes a mistake.

It was created by configure, which was
generated by GNU Autoconf 2.69.  Invocation command line was

  $ ./configure 

## --------- ##
## Platform. ##
## --------- ##

hostname = danielb
uname -m = x86_64
uname -r = 4.19.0-18-amd64
uname -s = Linux
uname -v = #1 SMP Debian 4.19.208-1 (2021-09-29)

/usr/bin/uname -p = unknown
/bin/uname -X     = unknown

/bin/arch              = x86_64
/usr/bin/arch -k       = unknown
/usr/convex/getsysinfo = unknown
/usr/bin/hostinfo      = unknown
/bin/machine           = unknown
/usr/bin/oslevel       = unknown
/bin/universe          = unknown

PATH: /usr/local/sbin
PATH: /usr/local/bin
PATH: /usr/sbin
PATH: /usr/bin
PATH: /sbin
PATH: /bin


## ----------- ##
## Core tests. ##
## ----------- ##

configure:1867: checking OS
configure:1945: checking for gcc
configure:1963: found /usr/bin/gcc
configure:1975: result: /usr/bin/gcc
configure:2086: checking for nasm
configure:2104: found /usr/bin/nasm
configure:2116: result: /usr/bin/nasm
configure:2178: checking for make
configure:2196: found /usr/bin/make
configure:2208: result: /usr/bin/make
configure:2230: checking for wget
configure:2248: found /usr/bin/wget
configure:2260: result: /usr/bin/wget
configure:2270: checking for pkg-config
configure:2288: found /usr/bin/pkg-config
configure:2300: result: /usr/bin/pkg-config
configure:2310: checking for libtoolize
configure:2328: found /usr/bin/libtoolize
configure:2340: result: /usr/bin/libtoolize
configure:2350: checking for automake
configure:2368: found /usr/bin/automake
configure:2380: result: /usr/bin/automake
configure:2390: checking for cmake
configure:2408: found /usr/bin/cmake
configure:2420: result: /usr/bin/cmake
configure:2430: checking for git
configure:2448: found /usr/bin/git
configure:2460: result: /usr/bin/git
configure:2470: checking for alien
configure:2503: result: no
configure:2510: checking for svn
configure:2543: result: no
configure:2550: checking for xxd
configure:2568: found /usr/bin/xxd
configure:2580: result: /usr/bin/xxd
configure:2590: checking for g++
configure:2608: found /usr/bin/g++
configure:2620: result: /usr/bin/g++
configure:2630: checking for rpm
configure:2663: result: no
configure:2670: checking for realpath
configure:2688: found /usr/bin/realpath
configure:2700: result: /usr/bin/realpath
configure:2710: checking for pandoc
configure:2743: result: no
configure:2750: checking for libusb-dev
configure:2783: result: no
configure:3105: checking for /usr/lib/oss/soundcard.h
configure:3118: result: no
configure:3124: checking for /usr/lib/oss/include/sys/soundcard.h
configure:3137: result: no
configure:3143: checking for /usr/local/lib/oss/soundcard.h
configure:3156: result: no
configure:3162: checking for /usr/local/lib/oss/include/sys/soundcard.h
configure:3175: result: no
configure:3181: checking for /lib/oss/soundcard.h
configure:3194: result: no
configure:3200: checking for /lib/oss/include/sys/soundcard.h
configure:3213: result: no
configure:3219: checking for /var/lib/oss/soundcard.h
configure:3232: result: no
configure:3238: checking for /var/lib/oss/include/sys/soundcard.h
configure:3251: result: no
configure:3257: checking for /opt/oss/soundcard.h
configure:3270: result: no
configure:3276: checking for /opt/oss/include/sys/soundcard.h
configure:3289: result: no
configure:3295: checking for /root/oss/soundcard.h
configure:3308: result: no
configure:3314: checking for /root/oss/include/sys/soundcard.h
configure:3327: result: no
configure:3333: checking for /dev/dsp
configure:3346: result: no
configure:3352: checking for /dev/sound/dsp
configure:3365: result: no
configure:3376: checking for /etc/rc3.d/.
configure:3389: result: yes
configure:3395: checking for /etc/init.d/rc3.d/.
configure:3408: result: no
configure:3414: checking for /etc/rc.d/rc3.d/.
configure:3427: result: no
configure:3439: checking for ./users_hwaredriver.c
configure:3452: result: no
configure:3459: checking for ./users_hwaredriver.c
configure:3472: result: no
configure:3480: checking for ./wusers_hwaredriver.c
configure:3493: result: no
configure:3500: checking for ./wusers_hwaredriver.c
configure:3513: result: no
configure:3521: checking for ./users_hwaredef.h
configure:3534: result: no
configure:3541: checking for ./users_hwaredef.h
configure:3554: result: no
configure:3562: checking for ./wusers_hwaredef.h
configure:3575: result: no
configure:3582: checking for ./wusers_hwaredef.h
configure:3595: result: no
configure:3603: checking for ./users_extra.c
configure:3616: result: no
configure:3623: checking for ./users_extra.c
configure:3636: result: no
configure:3652: checking for /usr/bin/i686-w64-mingw32-gcc
configure:3665: result: no
configure:3701: checking for /usr/bin/i586-mingw32msvc-gcc
configure:3714: result: no
configure:3750: checking for /usr/bin/i586-pc-mingw32-gcc
configure:3763: result: no
configure:3799: checking for /usr/bin/i686-pc-mingw32-gcc
configure:3812: result: no
configure:3848: checking for /usr/bin/i686-w64-mingw32-gcc
configure:3861: result: no
configure:4108: checking for /usr/src/linux
configure:4121: result: no
configure:4127: checking for /usr/src/linux-2.4
configure:4140: result: no
configure:4687: checking for /home/danielb/Repositorios/linrad/linrad-05.01/build/extlibs/libclFFT.a
configure:4701: result: no
configure:5336: creating ./config.status

## ---------------------- ##
## Running config.status. ##
## ---------------------- ##

This file was extended by config.status, which was
generated by GNU Autoconf 2.69.  Invocation command line was

  CONFIG_FILES    = 
  CONFIG_HEADERS  = 
  CONFIG_LINKS    = 
  CONFIG_COMMANDS = 
  $ ./config.status 

on danielb

config.status:851: creating Makefile
config.status:851: creating ft245.c

## ---------------- ##
## Cache variables. ##
## ---------------- ##

ac_cv_env_build_alias_set=
ac_cv_env_build_alias_value=
ac_cv_env_host_alias_set=
ac_cv_env_host_alias_value=
ac_cv_env_target_alias_set=
ac_cv_env_target_alias_value=
ac_cv_file___users_extra_c=no
ac_cv_file___users_hwaredef_h=no
ac_cv_file___users_hwaredriver_c=no
ac_cv_file___wusers_hwaredef_h=no
ac_cv_file___wusers_hwaredriver_c=no
ac_cv_file__dev_dsp=no
ac_cv_file__dev_sound_dsp=no
ac_cv_file__etc_init_d_rc3_d__=no
ac_cv_file__etc_rc3_d__=yes
ac_cv_file__etc_rc_d_rc3_d__=no
ac_cv_file__home_danielb_Repositorios_linrad_linrad_05_01_build_extlibs_libclFFT_a=no
ac_cv_file__lib_oss_include_sys_soundcard_h=no
ac_cv_file__lib_oss_soundcard_h=no
ac_cv_file__opt_oss_include_sys_soundcard_h=no
ac_cv_file__opt_oss_soundcard_h=no
ac_cv_file__root_oss_include_sys_soundcard_h=no
ac_cv_file__root_oss_soundcard_h=no
ac_cv_file__usr_bin_i586_mingw32msvc_gcc=no
ac_cv_file__usr_bin_i586_pc_mingw32_gcc=no
ac_cv_file__usr_bin_i686_pc_mingw32_gcc=no
ac_cv_file__usr_bin_i686_w64_mingw32_gcc=no
ac_cv_file__usr_lib_oss_include_sys_soundcard_h=no
ac_cv_file__usr_lib_oss_soundcard_h=no
ac_cv_file__usr_local_lib_oss_include_sys_soundcard_h=no
ac_cv_file__usr_local_lib_oss_soundcard_h=no
ac_cv_file__usr_src_linux=no
ac_cv_file__usr_src_linux_2_4=no
ac_cv_file__var_lib_oss_include_sys_soundcard_h=no
ac_cv_file__var_lib_oss_soundcard_h=no
ac_cv_path_HAVE_AUTOMAKE=/usr/bin/automake
ac_cv_path_HAVE_CMAKE=/usr/bin/cmake
ac_cv_path_HAVE_CPP=/usr/bin/g++
ac_cv_path_HAVE_GCC=/usr/bin/gcc
ac_cv_path_HAVE_GIT=/usr/bin/git
ac_cv_path_HAVE_LIBTOOL=/usr/bin/libtoolize
ac_cv_path_HAVE_PKG_CONFIG=/usr/bin/pkg-config
ac_cv_path_HAVE_REALPATH=/usr/bin/realpath
ac_cv_path_HAVE_WGET=/usr/bin/wget
ac_cv_path_HAVE_XXD=/usr/bin/xxd
ac_cv_path_MAKE=/usr/bin/make
ac_cv_path_NASM=/usr/bin/nasm

## ----------------- ##
## Output variables. ##
## ----------------- ##

ALSA32_LD='libasound.so'
ALSA64_LD='/lib/x86_64-linux-gnu/libasound.so.2'
ASMLIB32='fftasm.ol getiq.ol fft2mmxa.ol fft2mmxb.ol fft2mmxc.ol simdasm.ol hware.ol split.ol'
ASMLIB64='fftasm.om getiq.om fft2mmxa.om fft2mmxb.om fft2mmxc.om simdasm.om split.om'
BITS='64'
CLFFT32_INC=''
CLFFT64_INC=''
CLFFTPATH32=''
CLFFTPATH64=''
CONSOLE32_OK='0'
CONSOLE64_OK='0'
CPU='CPU_INTEL'
CUFFT32_INC=''
CUFFT32_OK='0'
CUFFT64_INC=''
CUFFT64_OK='0'
CUFFTPATH32=''
CUFFTPATH64=''
DARWIN='-DDARWIN=0'
DEFS='-DPACKAGE_NAME=\"\" -DPACKAGE_TARNAME=\"\" -DPACKAGE_VERSION=\"\" -DPACKAGE_STRING=\"\" -DPACKAGE_BUGREPORT=\"\" -DPACKAGE_URL=\"\"'
DEPS2=''
DEPS3=''
ECHO_C=''
ECHO_N='-n'
ECHO_T=''
ELF32='-felf32'
ELF64='-felf64'
FT245PGM=''
HAVE_ALIEN=''
HAVE_AUTOMAKE='/usr/bin/automake'
HAVE_CMAKE='/usr/bin/cmake'
HAVE_CPP='/usr/bin/g++'
HAVE_GCC='/usr/bin/gcc'
HAVE_GIT='/usr/bin/git'
HAVE_LIBTOOL='/usr/bin/libtoolize'
HAVE_LIBUSB_DEV=''
HAVE_PANDOC=''
HAVE_PARPORT='-DHAVE_PARPORT=1'
HAVE_PKG_CONFIG='/usr/bin/pkg-config'
HAVE_REALPATH='/usr/bin/realpath'
HAVE_RPM=''
HAVE_SUBVERSION=''
HAVE_WGET='/usr/bin/wget'
HAVE_XXD='/usr/bin/xxd'
INIT='/etc'
KERNEL_SUBDIRS=''
LDEPS1=''
LIBAIRSPY32_LD='libairspy.so'
LIBAIRSPY64_LD='libairspy.so'
LIBAIRSPYHF32_LD='libairspyhf.so'
LIBAIRSPYHF64_LD='libairspyhf.so'
LIBBLADERF32_LD='libbladeRF.so'
LIBBLADERF64_LD='libbladeRF.so'
LIBFDMS1_32_LD='libfdms1_hw_ctrl.so.1.0'
LIBFDMS1_64_LD='libfdms1_hw_ctrl.so.1.0'
LIBFTDI32_LD='libftdi.so'
LIBFTDI64_LD='libftdi.so'
LIBMIRISDR32_LD='libmirisdr.so'
LIBMIRISDR64_LD='libmirisdr.so'
LIBOBJS=''
LIBOPENCL32_LD=''
LIBOPENCL64_LD=''
LIBRT=''
LIBRTLSDR32_LD='librtlsdr.so'
LIBRTLSDR64_LD='librtlsdr.so'
LIBS=''
LIBSDRPLAY232_LD='libmirsdrapi-rsp.so'
LIBSDRPLAY264_LD='libmirsdrapi-rsp.so'
LIBUDEV_32_LD='libudev.so'
LIBUDEV_64_LD='libudev.so'
LIBUSB1_32_LD='libusb-1.0.so'
LIBUSB1_64_LD='libusb-1.0.so'
LIBUSB32_LD='libusb.so'
LIBUSB64_LD='libusb.so'
LIBWD_DASK_32_LD='libwd_dask.so'
LIBWD_DASK_64_LD='libwd_dask64.so'
LIBXEXT32_LD=''
LIBXEXT32_OK='0'
LIBXEXT64_LD='/lib/x86_64-linux-gnu/libXext.so'
LIBXEXT64_OK='1'
LINDIR=''
LLINRAD64_EXE='linrad64.exe'
LLINRAD_EXE='linrad.exe'
LTLIBOBJS=''
LUSERHWDEF='-DLUSERS_DEF=0'
LUSERHWDR='-DLUSERS_ROUTINES_PRESENT=0'
M32='-m32'
M64='-m64'
MAKE='/usr/bin/make'
MAKE_SERVER='0'
MINGW32_OK='0'
MINGWBIN='mingw32'
MINGWPATH=' '
MODEXT=''
NASM='/usr/bin/nasm'
OCLPROGS32='-DOPENCL_PRESENT=0'
OCLPROGS64='-DOPENCL_PRESENT=0'
OS='Linux'
OSS32_H='0'
OSS64_H='0'
OSSHDR32='1'
OSSHDR64='0'
OSSINC32=''
OSSINC64=''
OSVER=''
PACKAGE_BUGREPORT=''
PACKAGE_NAME=''
PACKAGE_STRING=''
PACKAGE_TARNAME=''
PACKAGE_URL=''
PACKAGE_VERSION=''
PATH_SEPARATOR=':'
PERSEUS32_LD='libperseus-sdr.so'
PERSEUS64_LD='libperseus-sdr.so'
PORTAUDIO32_LD='libportaudio.so'
PORTAUDIO32_OK='0'
PORTAUDIO64_LD='libportaudio.so'
PORTAUDIO64_OK='0'
SDEVPATH=''
SDR1422='no_use2'
SDR1424='no_use'
SDR1426='no_use3'
SDR1430='sdr14'
SHELL='/bin/bash'
SOFT66_32_LD='libsoft66.so'
SOFT66_64_LD='libsoft66.so'
ST='-s'
SVGA32_INC=''
SVGA32_LD=''
SVGA64_INC=''
SVGA64_LD=''
SVGAGL32_INC=''
SVGAGL32_LD=''
SVGAGL64_INC=''
SVGAGL64_LD=''
SVGALIB32_OK='0'
SVGALIB64_OK='0'
S_OS_TYPE='OS_LINUX'
USEREXTRA='-DUSERS_EXTRA_PRESENT=0'
WDEPS1=''
WDEPS4=''
WLIN32_OK='0'
WLINRAD64_EXE='for_Windows64'
WLINRAD_EXE='for_Windows'
WUSERHWDEF='-DWUSERS_DEF=0'
WUSERHWDR='-DWUSERS_ROUTINES_PRESENT=0'
X11_32_ALL_OK='0'
X11_32_INC=' -I/usr/include/'
X11_32_LD=''
X11_32_OK='0'
X11_64_ALL_OK='1'
X11_64_INC='-I/include -I/usr/include  -I/usr/include/'
X11_64_LD='/lib/x86_64-linux-gnu/libX11.so'
X11_64_OK='1'
XFLUSH_OK='1'
XKBLIB_32_OK='0'
XKBLIB_64_OK='1'
bindir='${exec_prefix}/bin'
build_alias=''
datadir='${datarootdir}'
datarootdir='${prefix}/share'
docdir='${datarootdir}/doc/${PACKAGE}'
dvidir='${docdir}'
exec_prefix='${prefix}'
host_alias=''
htmldir='${docdir}'
includedir='${prefix}/include'
infodir='${datarootdir}/info'
libdir='${exec_prefix}/lib'
libexecdir='${exec_prefix}/libexec'
localedir='${datarootdir}/locale'
localstatedir='${prefix}/var'
mandir='${datarootdir}/man'
oldincludedir='/usr/include'
pdfdir='${docdir}'
prefix='/usr/local'
program_transform_name='s,x,x,'
psdir='${docdir}'
runstatedir='${localstatedir}/run'
sbindir='${exec_prefix}/sbin'
sharedstatedir='${prefix}/com'
sysconfdir='${prefix}/etc'
target_alias=''

## ----------- ##
## confdefs.h. ##
## ----------- ##

/* confdefs.h */
#define PACKAGE_NAME ""
#define PACKAGE_TARNAME ""
#define PACKAGE_VERSION ""
#define PACKAGE_STRING ""
#define PACKAGE_BUGREPORT ""
#define PACKAGE_URL ""

configure: exit 0
